49 error Error: Command failed: git commit -m v0.0.1
49 error husky > pre-commit (node v15.0.1)
49 error [STARTED] Preparing...
49 error [SUCCESS] Preparing...
49 error [STARTED] Running tasks...
49 error [STARTED] Running tasks for *.(js|json)
49 error [STARTED] Running tasks for *.js
49 error [SKIPPED] No staged files match *.js
49 error [STARTED] prettier --write
49 error [SUCCESS] prettier --write
49 error [SUCCESS] Running tasks for *.(js|json)
49 error [SUCCESS] Running tasks...
49 error [STARTED] Applying modifications...
49 error [FAILED] Prevented an empty git commit!
49 error [STARTED] Reverting to original state because of errors...
49 error [SUCCESS] Reverting to original state because of errors...
49 error [STARTED] Cleaning up...
49 error [SUCCESS] Cleaning up...
49 error
49 error   ⚠ lint-staged prevented an empty git commit.
49 error   Use the --allow-empty option to continue, or check your task configuration
49 error
49 error husky > pre-commit hook failed (add --no-verify to bypass)
49 error
49 error     at makeError (/Users/avigoldman/src/products/email/tape/node_modules/execa/index.js:174:9)
49 error     at /Users/avigoldman/src/products/email/tape/node_modules/execa/index.js:278:16
49 error     at processTicksAndRejections (node:internal/process/task_queues:93:5)
